# JRE version: OpenJDK Runtime Environment Temurin-21.0.8+9 (21.0.8+9) (build 21.0.8+9-LTS)
# Java VM: OpenJDK 64-Bit Server VM Temurin-21.0.8+9 (21.0.8+9-LTS, mixed mode, sharing, tiered, compressed oops, compressed class ptrs, g1 gc, windows-amd64)
GC Precious Log:
 CardTable entry size: 512
 Card Set container configuration: InlinePtr #cards 5 size 8 Array Of Cards #cards 12 size 40 Howl #buckets 4 coarsen threshold 1843 Howl Bitmap #cards 512 size 80 coarsen threshold 460 Card regions per heap region 1 cards per card region 2048
 CPUs: 4 total, 4 available
 Memory: 3877M
 Large Page Support: Disabled
 NUMA Support: Disabled
 Compressed Oops: Enabled (32-bit)
 Heap Region Size: 1M
 Heap Min Capacity: 8M
 Heap Initial Capacity: 62M
 Heap Max Capacity: 970M
 Pre-touch: Disabled
 Parallel Workers: 4
 Concurrent Workers: 1
 Concurrent Refinement Workers: 4
 Periodic GC: Disabled
Heap:
 garbage-first heap   total 122880K, used 44887K [0x00000000c3600000, 0x0000000100000000)
  region size 1024K, 7 young (7168K), 7 survivors (7168K)
 Metaspace       used 99689K, committed 100864K, reserved 1179648K
  class space    used 12396K, committed 12992K, reserved 1048576K
GC Heap History (20 events):
Event: 2358.452 GC heap after
{Heap after GC invocations=107 (full 20):
 garbage-first heap   total 122880K, used 35657K [0x00000000c3600000, 0x0000000100000000)
  region size 1024K, 0 young (0K), 0 survivors (0K)
 Metaspace       used 95747K, committed 97088K, reserved 1179648K
  class space    used 12131K, committed 12672K, reserved 1048576K
}
Event: 2369.813 GC heap before
{Heap before GC invocations=107 (full 20):
 garbage-first heap   total 122880K, used 102217K [0x00000000c3600000, 0x0000000100000000)
  region size 1024K, 65 young (66560K), 0 survivors (0K)
 Metaspace       used 96198K, committed 97280K, reserved 1179648K
  class space    used 12165K, committed 12672K, reserved 1048576K
}
Event: 2369.914 GC heap after
{Heap after GC invocations=108 (full 20):
 garbage-first heap   total 122880K, used 41085K [0x00000000c3600000, 0x0000000100000000)
  region size 1024K, 6 young (6144K), 6 survivors (6144K)
 Metaspace       used 96198K, committed 97280K, reserved 1179648K
  class space    used 12165K, committed 12672K, reserved 1048576K
}
Event: 2382.407 GC heap before
{Heap before GC invocations=109 (full 20):
 garbage-first heap   total 122880K, used 104573K [0x00000000c3600000, 0x0000000100000000)
  region size 1024K, 69 young (70656K), 6 survivors (6144K)
 Metaspace       used 96724K, committed 97792K, reserved 1179648K
  class space    used 12200K, committed 12736K, reserved 1048576K
}
Event: 2382.484 GC heap after
{Heap after GC invocations=110 (full 20):
 garbage-first heap   total 122880K, used 44107K [0x00000000c3600000, 0x0000000100000000)
  region size 1024K, 4 young (4096K), 4 survivors (4096K)
 Metaspace       used 96724K, committed 97792K, reserved 1179648K
  class space    used 12200K, committed 12736K, reserved 1048576K
}
Event: 2387.335 GC heap before
{Heap before GC invocations=110 (full 20):
 garbage-first heap   total 122880K, used 105547K [0x00000000c3600000, 0x0000000100000000)
  region size 1024K, 65 young (66560K), 4 survivors (4096K)
 Metaspace       used 97130K, committed 98176K, reserved 1179648K
  class space    used 12227K, committed 12736K, reserved 1048576K
}
Event: 2387.381 GC heap after
{Heap after GC invocations=111 (full 20):
 garbage-first heap   total 122880K, used 49973K [0x00000000c3600000, 0x0000000100000000)
  region size 1024K, 9 young (9216K), 9 survivors (9216K)
 Metaspace       used 97130K, committed 98176K, reserved 1179648K
  class space    used 12227K, committed 12736K, reserved 1048576K
}
Event: 2391.020 GC heap before
{Heap before GC invocations=111 (full 20):
 garbage-first heap   total 122880K, used 105269K [0x00000000c3600000, 0x0000000100000000)
  region size 1024K, 64 young (65536K), 9 survivors (9216K)
 Metaspace       used 97394K, committed 98496K, reserved 1179648K
  class space    used 12253K, committed 12800K, reserved 1048576K
}
Event: 2391.052 GC heap after
{Heap after GC invocations=112 (full 20):
 garbage-first heap   total 122880K, used 54637K [0x00000000c3600000, 0x0000000100000000)
  region size 1024K, 6 young (6144K), 6 survivors (6144K)
 Metaspace       used 97394K, committed 98496K, reserved 1179648K
  class space    used 12253K, committed 12800K, reserved 1048576K
}
Event: 2395.970 GC heap before
{Heap before GC invocations=113 (full 20):
 garbage-first heap   total 122880K, used 107885K [0x00000000c3600000, 0x0000000100000000)
  region size 1024K, 59 young (60416K), 6 survivors (6144K)
 Metaspace       used 97759K, committed 98816K, reserved 1179648K
  class space    used 12274K, committed 12800K, reserved 1048576K
}
Event: 2396.055 GC heap after
{Heap after GC invocations=114 (full 20):
 garbage-first heap   total 122880K, used 59063K [0x00000000c3600000, 0x0000000100000000)
  region size 1024K, 6 young (6144K), 6 survivors (6144K)
 Metaspace       used 97759K, committed 98816K, reserved 1179648K
  class space    used 12274K, committed 12800K, reserved 1048576K
}
Event: 2405.571 GC heap before
{Heap before GC invocations=114 (full 20):
 garbage-first heap   total 122880K, used 109239K [0x00000000c3600000, 0x0000000100000000)
  region size 1024K, 55 young (56320K), 6 survivors (6144K)
 Metaspace       used 98234K, committed 99392K, reserved 1179648K
  class space    used 12306K, committed 12864K, reserved 1048576K
}
Event: 2405.598 GC heap after
{Heap after GC invocations=115 (full 20):
 garbage-first heap   total 122880K, used 61911K [0x00000000c3600000, 0x0000000100000000)
  region size 1024K, 5 young (5120K), 5 survivors (5120K)
 Metaspace       used 98234K, committed 99392K, reserved 1179648K
  class space    used 12306K, committed 12864K, reserved 1048576K
}
Event: 2411.826 GC heap before
{Heap before GC invocations=115 (full 20):
 garbage-first heap   total 122880K, used 109015K [0x00000000c3600000, 0x0000000100000000)
  region size 1024K, 52 young (53248K), 5 survivors (5120K)
 Metaspace       used 98694K, committed 99840K, reserved 1179648K
  class space    used 12335K, committed 12864K, reserved 1048576K
}
Event: 2411.863 GC heap after
{Heap after GC invocations=116 (full 20):
 garbage-first heap   total 122880K, used 64099K [0x00000000c3600000, 0x0000000100000000)
  region size 1024K, 7 young (7168K), 7 survivors (7168K)
 Metaspace       used 98694K, committed 99840K, reserved 1179648K
  class space    used 12335K, committed 12864K, reserved 1048576K
}
Event: 2416.766 GC heap before
{Heap before GC invocations=117 (full 20):
 garbage-first heap   total 122880K, used 107107K [0x00000000c3600000, 0x0000000100000000)
  region size 1024K, 50 young (51200K), 7 survivors (7168K)
 Metaspace       used 98852K, committed 100032K, reserved 1179648K
  class space    used 12347K, committed 12928K, reserved 1048576K
}
Event: 2416.835 GC heap after
{Heap after GC invocations=118 (full 20):
 garbage-first heap   total 122880K, used 67851K [0x00000000c3600000, 0x0000000100000000)
  region size 1024K, 7 young (7168K), 7 survivors (7168K)
 Metaspace       used 98852K, committed 100032K, reserved 1179648K
  class space    used 12347K, committed 12928K, reserved 1048576K
}
Event: 2422.221 GC heap before
{Heap before GC invocations=118 (full 20):
 garbage-first heap   total 122880K, used 96523K [0x00000000c3600000, 0x0000000100000000)
  region size 1024K, 36 young (36864K), 7 survivors (7168K)
 Metaspace       used 99179K, committed 100416K, reserved 1179648K
  class space    used 12364K, committed 12928K, reserved 1048576K
}
Event: 2422.646 GC heap after
{Heap after GC invocations=119 (full 21):
 garbage-first heap   total 122880K, used 37776K [0x00000000c3600000, 0x0000000100000000)
  region size 1024K, 0 young (0K), 0 survivors (0K)
 Metaspace       used 99159K, committed 100416K, reserved 1179648K
  class space    used 12361K, committed 12928K, reserved 1048576K
}
Event: 2424.241 GC heap before
{Heap before GC invocations=119 (full 21):
 garbage-first heap   total 122880K, used 104336K [0x00000000c3600000, 0x0000000100000000)
  region size 1024K, 66 young (67584K), 0 survivors (0K)
 Metaspace       used 99689K, committed 100864K, reserved 1179648K
  class space    used 12396K, committed 12992K, reserved 1048576K
}

