# JRE version: OpenJDK Runtime Environment Temurin-21.0.8+9 (21.0.8+9) (build 21.0.8+9-LTS)
# Java VM: OpenJDK 64-Bit Server VM Temurin-21.0.8+9 (21.0.8+9-LTS, mixed mode, sharing, tiered, compressed oops, compressed class ptrs, parallel gc, windows-amd64)
GC Precious Log:
 CardTable entry size: 512
 CPUs: 4 total, 4 available
 Memory: 3877M
 Large Page Support: Disabled
 NUMA Support: Disabled
 Compressed Oops: Enabled (32-bit)
 Alignments: Space 512K, Generation 512K, Heap 2M
 Heap Min Capacity: 100M
 Heap Initial Capacity: 100M
 Heap Max Capacity: 2G
 Pre-touch: Disabled
 Parallel Workers: 4
Heap:
 PSYoungGen      total 10240K, used 4444K [0x00000000d5580000, 0x00000000d6080000, 0x0000000100000000)
  eden space 9216K, 39% used [0x00000000d5580000,0x00000000d5908a90,0x00000000d5e80000)
  from space 1024K, 80% used [0x00000000d5f80000,0x00000000d604e920,0x00000000d6080000)
  to   space 1024K, 0% used [0x00000000d5e80000,0x00000000d5e80000,0x00000000d5f80000)
 ParOldGen       total 660992K, used 508510K [0x0000000080000000, 0x00000000a8580000, 0x00000000d5580000)
  object space 660992K, 76% used [0x0000000080000000,0x000000009f097aa8,0x00000000a8580000)
 Metaspace       used 86176K, committed 88064K, reserved 1179648K
  class space    used 8985K, committed 9856K, reserved 1048576K
GC Heap History (20 events):
Event: 253.321 GC heap before
{Heap before GC invocations=663 (full 4):
 PSYoungGen      total 4608K, used 4544K [0x00000000d5580000, 0x00000000d5e00000, 0x0000000100000000)
  eden space 2048K, 100% used [0x00000000d5580000,0x00000000d5780000,0x00000000d5780000)
  from space 2560K, 97% used [0x00000000d5a80000,0x00000000d5cf0000,0x00000000d5d00000)
  to   space 3072K, 0% used [0x00000000d5780000,0x00000000d5780000,0x00000000d5a80000)
 ParOldGen       total 660992K, used 485480K [0x0000000080000000, 0x00000000a8580000, 0x00000000d5580000)
  object space 660992K, 73% used [0x0000000080000000,0x000000009da1a3f8,0x00000000a8580000)
 Metaspace       used 85795K, committed 87616K, reserved 1179648K
  class space    used 8957K, committed 9792K, reserved 1048576K
}
Event: 253.325 GC heap after
{Heap after GC invocations=663 (full 4):
 PSYoungGen      total 5120K, used 2048K [0x00000000d5580000, 0x00000000d5d00000, 0x0000000100000000)
  eden space 2048K, 0% used [0x00000000d5580000,0x00000000d5580000,0x00000000d5780000)
  from space 3072K, 66% used [0x00000000d5780000,0x00000000d5980000,0x00000000d5a80000)
  to   space 2560K, 0% used [0x00000000d5a80000,0x00000000d5a80000,0x00000000d5d00000)
 ParOldGen       total 660992K, used 487952K [0x0000000080000000, 0x00000000a8580000, 0x00000000d5580000)
  object space 660992K, 73% used [0x0000000080000000,0x000000009dc843f8,0x00000000a8580000)
 Metaspace       used 85795K, committed 87616K, reserved 1179648K
  class space    used 8957K, committed 9792K, reserved 1048576K
}
Event: 253.330 GC heap before
{Heap before GC invocations=664 (full 4):
 PSYoungGen      total 5120K, used 4096K [0x00000000d5580000, 0x00000000d5d00000, 0x0000000100000000)
  eden space 2048K, 100% used [0x00000000d5580000,0x00000000d5780000,0x00000000d5780000)
  from space 3072K, 66% used [0x00000000d5780000,0x00000000d5980000,0x00000000d5a80000)
  to   space 2560K, 0% used [0x00000000d5a80000,0x00000000d5a80000,0x00000000d5d00000)
 ParOldGen       total 660992K, used 487952K [0x0000000080000000, 0x00000000a8580000, 0x00000000d5580000)
  object space 660992K, 73% used [0x0000000080000000,0x000000009dc843f8,0x00000000a8580000)
 Metaspace       used 85795K, committed 87616K, reserved 1179648K
  class space    used 8957K, committed 9792K, reserved 1048576K
}
Event: 253.334 GC heap after
{Heap after GC invocations=664 (full 4):
 PSYoungGen      total 4608K, used 1920K [0x00000000d5580000, 0x00000000d5c80000, 0x0000000100000000)
  eden space 2560K, 0% used [0x00000000d5580000,0x00000000d5580000,0x00000000d5800000)
  from space 2048K, 93% used [0x00000000d5a80000,0x00000000d5c60000,0x00000000d5c80000)
  to   space 2048K, 0% used [0x00000000d5880000,0x00000000d5880000,0x00000000d5a80000)
 ParOldGen       total 660992K, used 489944K [0x0000000080000000, 0x00000000a8580000, 0x00000000d5580000)
  object space 660992K, 74% used [0x0000000080000000,0x000000009de763f8,0x00000000a8580000)
 Metaspace       used 85795K, committed 87616K, reserved 1179648K
  class space    used 8957K, committed 9792K, reserved 1048576K
}
Event: 253.341 GC heap before
{Heap before GC invocations=665 (full 4):
 PSYoungGen      total 4608K, used 4480K [0x00000000d5580000, 0x00000000d5c80000, 0x0000000100000000)
  eden space 2560K, 100% used [0x00000000d5580000,0x00000000d5800000,0x00000000d5800000)
  from space 2048K, 93% used [0x00000000d5a80000,0x00000000d5c60000,0x00000000d5c80000)
  to   space 2048K, 0% used [0x00000000d5880000,0x00000000d5880000,0x00000000d5a80000)
 ParOldGen       total 660992K, used 489944K [0x0000000080000000, 0x00000000a8580000, 0x00000000d5580000)
  object space 660992K, 74% used [0x0000000080000000,0x000000009de763f8,0x00000000a8580000)
 Metaspace       used 85795K, committed 87616K, reserved 1179648K
  class space    used 8957K, committed 9792K, reserved 1048576K
}
Event: 253.345 GC heap after
{Heap after GC invocations=665 (full 4):
 PSYoungGen      total 5120K, used 2048K [0x00000000d5580000, 0x00000000d6180000, 0x0000000100000000)
  eden space 3072K, 0% used [0x00000000d5580000,0x00000000d5580000,0x00000000d5880000)
  from space 2048K, 100% used [0x00000000d5880000,0x00000000d5a80000,0x00000000d5a80000)
  to   space 4608K, 0% used [0x00000000d5d00000,0x00000000d5d00000,0x00000000d6180000)
 ParOldGen       total 660992K, used 492024K [0x0000000080000000, 0x00000000a8580000, 0x00000000d5580000)
  object space 660992K, 74% used [0x0000000080000000,0x000000009e07e3f8,0x00000000a8580000)
 Metaspace       used 85795K, committed 87616K, reserved 1179648K
  class space    used 8957K, committed 9792K, reserved 1048576K
}
Event: 253.376 GC heap before
{Heap before GC invocations=666 (full 4):
 PSYoungGen      total 5120K, used 4932K [0x00000000d5580000, 0x00000000d6180000, 0x0000000100000000)
  eden space 3072K, 93% used [0x00000000d5580000,0x00000000d5851250,0x00000000d5880000)
  from space 2048K, 100% used [0x00000000d5880000,0x00000000d5a80000,0x00000000d5a80000)
  to   space 4608K, 0% used [0x00000000d5d00000,0x00000000d5d00000,0x00000000d6180000)
 ParOldGen       total 660992K, used 492024K [0x0000000080000000, 0x00000000a8580000, 0x00000000d5580000)
  object space 660992K, 74% used [0x0000000080000000,0x000000009e07e3f8,0x00000000a8580000)
 Metaspace       used 85796K, committed 87680K, reserved 1179648K
  class space    used 8957K, committed 9792K, reserved 1048576K
}
Event: 253.387 GC heap after
{Heap after GC invocations=666 (full 4):
 PSYoungGen      total 6656K, used 1936K [0x00000000d5580000, 0x00000000d5f80000, 0x0000000100000000)
  eden space 4096K, 0% used [0x00000000d5580000,0x00000000d5580000,0x00000000d5980000)
  from space 2560K, 75% used [0x00000000d5d00000,0x00000000d5ee4000,0x00000000d5f80000)
  to   space 3072K, 0% used [0x00000000d5980000,0x00000000d5980000,0x00000000d5c80000)
 ParOldGen       total 660992K, used 494112K [0x0000000080000000, 0x00000000a8580000, 0x00000000d5580000)
  object space 660992K, 74% used [0x0000000080000000,0x000000009e2883f8,0x00000000a8580000)
 Metaspace       used 85796K, committed 87680K, reserved 1179648K
  class space    used 8957K, committed 9792K, reserved 1048576K
}
Event: 253.434 GC heap before
{Heap before GC invocations=667 (full 4):
 PSYoungGen      total 6656K, used 6032K [0x00000000d5580000, 0x00000000d5f80000, 0x0000000100000000)
  eden space 4096K, 100% used [0x00000000d5580000,0x00000000d5980000,0x00000000d5980000)
  from space 2560K, 75% used [0x00000000d5d00000,0x00000000d5ee4000,0x00000000d5f80000)
  to   space 3072K, 0% used [0x00000000d5980000,0x00000000d5980000,0x00000000d5c80000)
 ParOldGen       total 660992K, used 494112K [0x0000000080000000, 0x00000000a8580000, 0x00000000d5580000)
  object space 660992K, 74% used [0x0000000080000000,0x000000009e2883f8,0x00000000a8580000)
 Metaspace       used 85796K, committed 87680K, reserved 1179648K
  class space    used 8957K, committed 9792K, reserved 1048576K
}
Event: 253.447 GC heap after
{Heap after GC invocations=667 (full 4):
 PSYoungGen      total 7168K, used 3048K [0x00000000d5580000, 0x00000000d6680000, 0x0000000100000000)
  eden space 4096K, 0% used [0x00000000d5580000,0x00000000d5580000,0x00000000d5980000)
  from space 3072K, 99% used [0x00000000d5980000,0x00000000d5c7a010,0x00000000d5c80000)
  to   space 6144K, 0% used [0x00000000d6080000,0x00000000d6080000,0x00000000d6680000)
 ParOldGen       total 660992K, used 496456K [0x0000000080000000, 0x00000000a8580000, 0x00000000d5580000)
  object space 660992K, 75% used [0x0000000080000000,0x000000009e4d23f8,0x00000000a8580000)
 Metaspace       used 85796K, committed 87680K, reserved 1179648K
  class space    used 8957K, committed 9792K, reserved 1048576K
}
Event: 253.453 GC heap before
{Heap before GC invocations=668 (full 4):
 PSYoungGen      total 7168K, used 7144K [0x00000000d5580000, 0x00000000d6680000, 0x0000000100000000)
  eden space 4096K, 100% used [0x00000000d5580000,0x00000000d5980000,0x00000000d5980000)
  from space 3072K, 99% used [0x00000000d5980000,0x00000000d5c7a010,0x00000000d5c80000)
  to   space 6144K, 0% used [0x00000000d6080000,0x00000000d6080000,0x00000000d6680000)
 ParOldGen       total 660992K, used 496456K [0x0000000080000000, 0x00000000a8580000, 0x00000000d5580000)
  object space 660992K, 75% used [0x0000000080000000,0x000000009e4d23f8,0x00000000a8580000)
 Metaspace       used 85796K, committed 87680K, reserved 1179648K
  class space    used 8957K, committed 9792K, reserved 1048576K
}
Event: 253.465 GC heap after
{Heap after GC invocations=668 (full 4):
 PSYoungGen      total 9728K, used 4160K [0x00000000d5580000, 0x00000000d6500000, 0x0000000100000000)
  eden space 5120K, 0% used [0x00000000d5580000,0x00000000d5580000,0x00000000d5a80000)
  from space 4608K, 90% used [0x00000000d6080000,0x00000000d6490000,0x00000000d6500000)
  to   space 4608K, 0% used [0x00000000d5c00000,0x00000000d5c00000,0x00000000d6080000)
 ParOldGen       total 660992K, used 499537K [0x0000000080000000, 0x00000000a8580000, 0x00000000d5580000)
  object space 660992K, 75% used [0x0000000080000000,0x000000009e7d4408,0x00000000a8580000)
 Metaspace       used 85796K, committed 87680K, reserved 1179648K
  class space    used 8957K, committed 9792K, reserved 1048576K
}
Event: 253.687 GC heap before
{Heap before GC invocations=669 (full 4):
 PSYoungGen      total 9728K, used 9280K [0x00000000d5580000, 0x00000000d6500000, 0x0000000100000000)
  eden space 5120K, 100% used [0x00000000d5580000,0x00000000d5a80000,0x00000000d5a80000)
  from space 4608K, 90% used [0x00000000d6080000,0x00000000d6490000,0x00000000d6500000)
  to   space 4608K, 0% used [0x00000000d5c00000,0x00000000d5c00000,0x00000000d6080000)
 ParOldGen       total 660992K, used 499537K [0x0000000080000000, 0x00000000a8580000, 0x00000000d5580000)
  object space 660992K, 75% used [0x0000000080000000,0x000000009e7d4408,0x00000000a8580000)
 Metaspace       used 85803K, committed 87680K, reserved 1179648K
  class space    used 8957K, committed 9792K, reserved 1048576K
}
Event: 253.726 GC heap after
{Heap after GC invocations=669 (full 4):
 PSYoungGen      total 9728K, used 3492K [0x00000000d5580000, 0x00000000d6380000, 0x0000000100000000)
  eden space 6144K, 0% used [0x00000000d5580000,0x00000000d5580000,0x00000000d5b80000)
  from space 3584K, 97% used [0x00000000d5c00000,0x00000000d5f69210,0x00000000d5f80000)
  to   space 4096K, 0% used [0x00000000d5f80000,0x00000000d5f80000,0x00000000d6380000)
 ParOldGen       total 660992K, used 503657K [0x0000000080000000, 0x00000000a8580000, 0x00000000d5580000)
  object space 660992K, 76% used [0x0000000080000000,0x000000009ebda408,0x00000000a8580000)
 Metaspace       used 85803K, committed 87680K, reserved 1179648K
  class space    used 8957K, committed 9792K, reserved 1048576K
}
Event: 253.750 GC heap before
{Heap before GC invocations=670 (full 4):
 PSYoungGen      total 9728K, used 9636K [0x00000000d5580000, 0x00000000d6380000, 0x0000000100000000)
  eden space 6144K, 100% used [0x00000000d5580000,0x00000000d5b80000,0x00000000d5b80000)
  from space 3584K, 97% used [0x00000000d5c00000,0x00000000d5f69210,0x00000000d5f80000)
  to   space 4096K, 0% used [0x00000000d5f80000,0x00000000d5f80000,0x00000000d6380000)
 ParOldGen       total 660992K, used 503657K [0x0000000080000000, 0x00000000a8580000, 0x00000000d5580000)
  object space 660992K, 76% used [0x0000000080000000,0x000000009ebda408,0x00000000a8580000)
 Metaspace       used 85845K, committed 87680K, reserved 1179648K
  class space    used 8957K, committed 9792K, reserved 1048576K
}
Event: 253.777 GC heap after
{Heap after GC invocations=670 (full 4):
 PSYoungGen      total 9216K, used 1028K [0x00000000d5580000, 0x00000000d6100000, 0x0000000100000000)
  eden space 7680K, 0% used [0x00000000d5580000,0x00000000d5580000,0x00000000d5d00000)
  from space 1536K, 66% used [0x00000000d5f80000,0x00000000d6081210,0x00000000d6100000)
  to   space 2048K, 0% used [0x00000000d5d00000,0x00000000d5d00000,0x00000000d5f00000)
 ParOldGen       total 660992K, used 507053K [0x0000000080000000, 0x00000000a8580000, 0x00000000d5580000)
  object space 660992K, 76% used [0x0000000080000000,0x000000009ef2b618,0x00000000a8580000)
 Metaspace       used 85845K, committed 87680K, reserved 1179648K
  class space    used 8957K, committed 9792K, reserved 1048576K
}
Event: 388.811 GC heap before
{Heap before GC invocations=671 (full 4):
 PSYoungGen      total 9216K, used 8708K [0x00000000d5580000, 0x00000000d6100000, 0x0000000100000000)
  eden space 7680K, 100% used [0x00000000d5580000,0x00000000d5d00000,0x00000000d5d00000)
  from space 1536K, 66% used [0x00000000d5f80000,0x00000000d6081210,0x00000000d6100000)
  to   space 2048K, 0% used [0x00000000d5d00000,0x00000000d5d00000,0x00000000d5f00000)
 ParOldGen       total 660992K, used 507053K [0x0000000080000000, 0x00000000a8580000, 0x00000000d5580000)
  object space 660992K, 76% used [0x0000000080000000,0x000000009ef2b618,0x00000000a8580000)
 Metaspace       used 86093K, committed 87872K, reserved 1179648K
  class space    used 8983K, committed 9792K, reserved 1048576K
}
Event: 389.139 GC heap after
{Heap after GC invocations=671 (full 4):
 PSYoungGen      total 9728K, used 618K [0x00000000d5580000, 0x00000000d6080000, 0x0000000100000000)
  eden space 7680K, 0% used [0x00000000d5580000,0x00000000d5580000,0x00000000d5d00000)
  from space 2048K, 30% used [0x00000000d5d00000,0x00000000d5d9a930,0x00000000d5f00000)
  to   space 1024K, 0% used [0x00000000d5f80000,0x00000000d5f80000,0x00000000d6080000)
 ParOldGen       total 660992K, used 507994K [0x0000000080000000, 0x00000000a8580000, 0x00000000d5580000)
  object space 660992K, 76% used [0x0000000080000000,0x000000009f016868,0x00000000a8580000)
 Metaspace       used 86093K, committed 87872K, reserved 1179648K
  class space    used 8983K, committed 9792K, reserved 1048576K
}
Event: 429.827 GC heap before
{Heap before GC invocations=672 (full 4):
 PSYoungGen      total 9728K, used 8298K [0x00000000d5580000, 0x00000000d6080000, 0x0000000100000000)
  eden space 7680K, 100% used [0x00000000d5580000,0x00000000d5d00000,0x00000000d5d00000)
  from space 2048K, 30% used [0x00000000d5d00000,0x00000000d5d9a930,0x00000000d5f00000)
  to   space 1024K, 0% used [0x00000000d5f80000,0x00000000d5f80000,0x00000000d6080000)
 ParOldGen       total 660992K, used 507994K [0x0000000080000000, 0x00000000a8580000, 0x00000000d5580000)
  object space 660992K, 76% used [0x0000000080000000,0x000000009f016868,0x00000000a8580000)
 Metaspace       used 86115K, committed 87936K, reserved 1179648K
  class space    used 8983K, committed 9792K, reserved 1048576K
}
Event: 430.054 GC heap after
{Heap after GC invocations=672 (full 4):
 PSYoungGen      total 10240K, used 826K [0x00000000d5580000, 0x00000000d6080000, 0x0000000100000000)
  eden space 9216K, 0% used [0x00000000d5580000,0x00000000d5580000,0x00000000d5e80000)
  from space 1024K, 80% used [0x00000000d5f80000,0x00000000d604e920,0x00000000d6080000)
  to   space 1024K, 0% used [0x00000000d5e80000,0x00000000d5e80000,0x00000000d5f80000)
 ParOldGen       total 660992K, used 508510K [0x0000000080000000, 0x00000000a8580000, 0x00000000d5580000)
  object space 660992K, 76% used [0x0000000080000000,0x000000009f097aa8,0x00000000a8580000)
 Metaspace       used 86115K, committed 87936K, reserved 1179648K
  class space    used 8983K, committed 9792K, reserved 1048576K
}

