# JRE version: OpenJDK Runtime Environment Temurin-21.0.8+9 (21.0.8+9) (build 21.0.8+9-LTS)
# Java VM: OpenJDK 64-Bit Server VM Temurin-21.0.8+9 (21.0.8+9-LTS, mixed mode, sharing, tiered, compressed oops, compressed class ptrs, parallel gc, windows-amd64)
GC Precious Log:
 CardTable entry size: 512
 CPUs: 4 total, 4 available
 Memory: 3877M
 Large Page Support: Disabled
 NUMA Support: Disabled
 Compressed Oops: Enabled (32-bit)
 Alignments: Space 512K, Generation 512K, Heap 2M
 Heap Min Capacity: 100M
 Heap Initial Capacity: 100M
 Heap Max Capacity: 2G
 Pre-touch: Disabled
 Parallel Workers: 4
Heap:
 PSYoungGen      total 13312K, used 10891K [0x00000000d5580000, 0x00000000d6400000, 0x0000000100000000)
  eden space 12800K, 81% used [0x00000000d5580000,0x00000000d5fa2d80,0x00000000d6200000)
  from space 512K, 100% used [0x00000000d6300000,0x00000000d6380000,0x00000000d6380000)
  to   space 512K, 0% used [0x00000000d6380000,0x00000000d6380000,0x00000000d6400000)
 ParOldGen       total 248832K, used 142333K [0x0000000080000000, 0x000000008f300000, 0x00000000d5580000)
  object space 248832K, 57% used [0x0000000080000000,0x0000000088aff450,0x000000008f300000)
 Metaspace       used 88915K, committed 90880K, reserved 1179648K
  class space    used 9343K, committed 10176K, reserved 1048576K
GC Heap History (20 events):
Event: 3957.872 GC heap before
{Heap before GC invocations=188 (full 4):
 PSYoungGen      total 14336K, used 14068K [0x00000000d5580000, 0x00000000d6600000, 0x0000000100000000)
  eden space 12800K, 100% used [0x00000000d5580000,0x00000000d6200000,0x00000000d6200000)
  from space 1536K, 82% used [0x00000000d6200000,0x00000000d633d240,0x00000000d6380000)
  to   space 2048K, 0% used [0x00000000d6400000,0x00000000d6400000,0x00000000d6600000)
 ParOldGen       total 248832K, used 133193K [0x0000000080000000, 0x000000008f300000, 0x00000000d5580000)
  object space 248832K, 53% used [0x0000000080000000,0x0000000088212650,0x000000008f300000)
 Metaspace       used 85768K, committed 87616K, reserved 1179648K
  class space    used 8952K, committed 9728K, reserved 1048576K
}
Event: 3957.880 GC heap after
{Heap after GC invocations=188 (full 4):
 PSYoungGen      total 14336K, used 1364K [0x00000000d5580000, 0x00000000d6580000, 0x0000000100000000)
  eden space 12800K, 0% used [0x00000000d5580000,0x00000000d5580000,0x00000000d6200000)
  from space 1536K, 88% used [0x00000000d6400000,0x00000000d6555220,0x00000000d6580000)
  to   space 1536K, 0% used [0x00000000d6200000,0x00000000d6200000,0x00000000d6380000)
 ParOldGen       total 248832K, used 134371K [0x0000000080000000, 0x000000008f300000, 0x00000000d5580000)
  object space 248832K, 54% used [0x0000000080000000,0x0000000088338fe0,0x000000008f300000)
 Metaspace       used 85768K, committed 87616K, reserved 1179648K
  class space    used 8952K, committed 9728K, reserved 1048576K
}
Event: 3989.252 GC heap before
{Heap before GC invocations=189 (full 4):
 PSYoungGen      total 14336K, used 14164K [0x00000000d5580000, 0x00000000d6580000, 0x0000000100000000)
  eden space 12800K, 99% used [0x00000000d5580000,0x00000000d61fffd8,0x00000000d6200000)
  from space 1536K, 88% used [0x00000000d6400000,0x00000000d6555220,0x00000000d6580000)
  to   space 1536K, 0% used [0x00000000d6200000,0x00000000d6200000,0x00000000d6380000)
 ParOldGen       total 248832K, used 134371K [0x0000000080000000, 0x000000008f300000, 0x00000000d5580000)
  object space 248832K, 54% used [0x0000000080000000,0x0000000088338fe0,0x000000008f300000)
 Metaspace       used 85841K, committed 87680K, reserved 1179648K
  class space    used 8955K, committed 9728K, reserved 1048576K
}
Event: 3989.344 GC heap after
{Heap after GC invocations=189 (full 4):
 PSYoungGen      total 14336K, used 596K [0x00000000d5580000, 0x00000000d6480000, 0x0000000100000000)
  eden space 12800K, 0% used [0x00000000d5580000,0x00000000d5580000,0x00000000d6200000)
  from space 1536K, 38% used [0x00000000d6200000,0x00000000d6295220,0x00000000d6380000)
  to   space 1024K, 0% used [0x00000000d6380000,0x00000000d6380000,0x00000000d6480000)
 ParOldGen       total 248832K, used 135686K [0x0000000080000000, 0x000000008f300000, 0x00000000d5580000)
  object space 248832K, 54% used [0x0000000080000000,0x0000000088481990,0x000000008f300000)
 Metaspace       used 85841K, committed 87680K, reserved 1179648K
  class space    used 8955K, committed 9728K, reserved 1048576K
}
Event: 3989.563 GC heap before
{Heap before GC invocations=190 (full 4):
 PSYoungGen      total 14336K, used 13396K [0x00000000d5580000, 0x00000000d6480000, 0x0000000100000000)
  eden space 12800K, 100% used [0x00000000d5580000,0x00000000d6200000,0x00000000d6200000)
  from space 1536K, 38% used [0x00000000d6200000,0x00000000d6295220,0x00000000d6380000)
  to   space 1024K, 0% used [0x00000000d6380000,0x00000000d6380000,0x00000000d6480000)
 ParOldGen       total 248832K, used 135686K [0x0000000080000000, 0x000000008f300000, 0x00000000d5580000)
  object space 248832K, 54% used [0x0000000080000000,0x0000000088481990,0x000000008f300000)
 Metaspace       used 85844K, committed 87680K, reserved 1179648K
  class space    used 8955K, committed 9728K, reserved 1048576K
}
Event: 3989.570 GC heap after
{Heap after GC invocations=190 (full 4):
 PSYoungGen      total 13824K, used 848K [0x00000000d5580000, 0x00000000d6480000, 0x0000000100000000)
  eden space 12800K, 0% used [0x00000000d5580000,0x00000000d5580000,0x00000000d6200000)
  from space 1024K, 82% used [0x00000000d6380000,0x00000000d6454010,0x00000000d6480000)
  to   space 1024K, 0% used [0x00000000d6280000,0x00000000d6280000,0x00000000d6380000)
 ParOldGen       total 248832K, used 136245K [0x0000000080000000, 0x000000008f300000, 0x00000000d5580000)
  object space 248832K, 54% used [0x0000000080000000,0x000000008850d588,0x000000008f300000)
 Metaspace       used 85844K, committed 87680K, reserved 1179648K
  class space    used 8955K, committed 9728K, reserved 1048576K
}
Event: 3990.834 GC heap before
{Heap before GC invocations=191 (full 4):
 PSYoungGen      total 13824K, used 13648K [0x00000000d5580000, 0x00000000d6480000, 0x0000000100000000)
  eden space 12800K, 100% used [0x00000000d5580000,0x00000000d6200000,0x00000000d6200000)
  from space 1024K, 82% used [0x00000000d6380000,0x00000000d6454010,0x00000000d6480000)
  to   space 1024K, 0% used [0x00000000d6280000,0x00000000d6280000,0x00000000d6380000)
 ParOldGen       total 248832K, used 136245K [0x0000000080000000, 0x000000008f300000, 0x00000000d5580000)
  object space 248832K, 54% used [0x0000000080000000,0x000000008850d588,0x000000008f300000)
 Metaspace       used 85904K, committed 87744K, reserved 1179648K
  class space    used 8955K, committed 9728K, reserved 1048576K
}
Event: 3990.849 GC heap after
{Heap after GC invocations=191 (full 4):
 PSYoungGen      total 13824K, used 1012K [0x00000000d5580000, 0x00000000d6700000, 0x0000000100000000)
  eden space 12800K, 0% used [0x00000000d5580000,0x00000000d5580000,0x00000000d6200000)
  from space 1024K, 98% used [0x00000000d6280000,0x00000000d637d200,0x00000000d6380000)
  to   space 2560K, 0% used [0x00000000d6480000,0x00000000d6480000,0x00000000d6700000)
 ParOldGen       total 248832K, used 137325K [0x0000000080000000, 0x000000008f300000, 0x00000000d5580000)
  object space 248832K, 55% used [0x0000000080000000,0x000000008861b618,0x000000008f300000)
 Metaspace       used 85904K, committed 87744K, reserved 1179648K
  class space    used 8955K, committed 9728K, reserved 1048576K
}
Event: 3991.188 GC heap before
{Heap before GC invocations=192 (full 4):
 PSYoungGen      total 13824K, used 13812K [0x00000000d5580000, 0x00000000d6700000, 0x0000000100000000)
  eden space 12800K, 99% used [0x00000000d5580000,0x00000000d61fffd0,0x00000000d6200000)
  from space 1024K, 98% used [0x00000000d6280000,0x00000000d637d200,0x00000000d6380000)
  to   space 2560K, 0% used [0x00000000d6480000,0x00000000d6480000,0x00000000d6700000)
 ParOldGen       total 248832K, used 137325K [0x0000000080000000, 0x000000008f300000, 0x00000000d5580000)
  object space 248832K, 55% used [0x0000000080000000,0x000000008861b618,0x000000008f300000)
 Metaspace       used 85929K, committed 87744K, reserved 1179648K
  class space    used 8955K, committed 9728K, reserved 1048576K
}
Event: 3991.198 GC heap after
{Heap after GC invocations=192 (full 4):
 PSYoungGen      total 14336K, used 1172K [0x00000000d5580000, 0x00000000d6600000, 0x0000000100000000)
  eden space 12800K, 0% used [0x00000000d5580000,0x00000000d5580000,0x00000000d6200000)
  from space 1536K, 76% used [0x00000000d6480000,0x00000000d65a5220,0x00000000d6600000)
  to   space 1536K, 0% used [0x00000000d6300000,0x00000000d6300000,0x00000000d6480000)
 ParOldGen       total 248832K, used 138322K [0x0000000080000000, 0x000000008f300000, 0x00000000d5580000)
  object space 248832K, 55% used [0x0000000080000000,0x0000000088714848,0x000000008f300000)
 Metaspace       used 85929K, committed 87744K, reserved 1179648K
  class space    used 8955K, committed 9728K, reserved 1048576K
}
Event: 3991.277 GC heap before
{Heap before GC invocations=193 (full 4):
 PSYoungGen      total 14336K, used 13972K [0x00000000d5580000, 0x00000000d6600000, 0x0000000100000000)
  eden space 12800K, 100% used [0x00000000d5580000,0x00000000d6200000,0x00000000d6200000)
  from space 1536K, 76% used [0x00000000d6480000,0x00000000d65a5220,0x00000000d6600000)
  to   space 1536K, 0% used [0x00000000d6300000,0x00000000d6300000,0x00000000d6480000)
 ParOldGen       total 248832K, used 138322K [0x0000000080000000, 0x000000008f300000, 0x00000000d5580000)
  object space 248832K, 55% used [0x0000000080000000,0x0000000088714848,0x000000008f300000)
 Metaspace       used 85953K, committed 87808K, reserved 1179648K
  class space    used 8955K, committed 9728K, reserved 1048576K
}
Event: 3991.288 GC heap after
{Heap after GC invocations=193 (full 4):
 PSYoungGen      total 14336K, used 1284K [0x00000000d5580000, 0x00000000d6500000, 0x0000000100000000)
  eden space 12800K, 0% used [0x00000000d5580000,0x00000000d5580000,0x00000000d6200000)
  from space 1536K, 83% used [0x00000000d6300000,0x00000000d6441210,0x00000000d6480000)
  to   space 512K, 0% used [0x00000000d6480000,0x00000000d6480000,0x00000000d6500000)
 ParOldGen       total 248832K, used 139422K [0x0000000080000000, 0x000000008f300000, 0x00000000d5580000)
  object space 248832K, 56% used [0x0000000080000000,0x0000000088827ab8,0x000000008f300000)
 Metaspace       used 85953K, committed 87808K, reserved 1179648K
  class space    used 8955K, committed 9728K, reserved 1048576K
}
Event: 4019.913 GC heap before
{Heap before GC invocations=194 (full 4):
 PSYoungGen      total 14336K, used 14084K [0x00000000d5580000, 0x00000000d6500000, 0x0000000100000000)
  eden space 12800K, 100% used [0x00000000d5580000,0x00000000d6200000,0x00000000d6200000)
  from space 1536K, 83% used [0x00000000d6300000,0x00000000d6441210,0x00000000d6480000)
  to   space 512K, 0% used [0x00000000d6480000,0x00000000d6480000,0x00000000d6500000)
 ParOldGen       total 248832K, used 139422K [0x0000000080000000, 0x000000008f300000, 0x00000000d5580000)
  object space 248832K, 56% used [0x0000000080000000,0x0000000088827ab8,0x000000008f300000)
 Metaspace       used 85983K, committed 87808K, reserved 1179648K
  class space    used 8955K, committed 9728K, reserved 1048576K
}
Event: 4020.013 GC heap after
{Heap after GC invocations=194 (full 4):
 PSYoungGen      total 13312K, used 500K [0x00000000d5580000, 0x00000000d6700000, 0x0000000100000000)
  eden space 12800K, 0% used [0x00000000d5580000,0x00000000d5580000,0x00000000d6200000)
  from space 512K, 97% used [0x00000000d6480000,0x00000000d64fd200,0x00000000d6500000)
  to   space 2560K, 0% used [0x00000000d6200000,0x00000000d6200000,0x00000000d6480000)
 ParOldGen       total 248832K, used 141111K [0x0000000080000000, 0x000000008f300000, 0x00000000d5580000)
  object space 248832K, 56% used [0x0000000080000000,0x00000000889cdf58,0x000000008f300000)
 Metaspace       used 85983K, committed 87808K, reserved 1179648K
  class space    used 8955K, committed 9728K, reserved 1048576K
}
Event: 4020.959 GC heap before
{Heap before GC invocations=195 (full 4):
 PSYoungGen      total 13312K, used 13268K [0x00000000d5580000, 0x00000000d6700000, 0x0000000100000000)
  eden space 12800K, 99% used [0x00000000d5580000,0x00000000d61f8100,0x00000000d6200000)
  from space 512K, 97% used [0x00000000d6480000,0x00000000d64fd200,0x00000000d6500000)
  to   space 2560K, 0% used [0x00000000d6200000,0x00000000d6200000,0x00000000d6480000)
 ParOldGen       total 248832K, used 141111K [0x0000000080000000, 0x000000008f300000, 0x00000000d5580000)
  object space 248832K, 56% used [0x0000000080000000,0x00000000889cdf58,0x000000008f300000)
 Metaspace       used 86042K, committed 87872K, reserved 1179648K
  class space    used 8966K, committed 9728K, reserved 1048576K
}
Event: 4020.966 GC heap after
{Heap after GC invocations=195 (full 4):
 PSYoungGen      total 13824K, used 576K [0x00000000d5580000, 0x00000000d6500000, 0x0000000100000000)
  eden space 12800K, 0% used [0x00000000d5580000,0x00000000d5580000,0x00000000d6200000)
  from space 1024K, 56% used [0x00000000d6200000,0x00000000d6290000,0x00000000d6300000)
  to   space 1536K, 0% used [0x00000000d6380000,0x00000000d6380000,0x00000000d6500000)
 ParOldGen       total 248832K, used 141588K [0x0000000080000000, 0x000000008f300000, 0x00000000d5580000)
  object space 248832K, 56% used [0x0000000080000000,0x0000000088a45158,0x000000008f300000)
 Metaspace       used 86042K, committed 87872K, reserved 1179648K
  class space    used 8966K, committed 9728K, reserved 1048576K
}
Event: 4022.809 GC heap before
{Heap before GC invocations=196 (full 4):
 PSYoungGen      total 13824K, used 13376K [0x00000000d5580000, 0x00000000d6500000, 0x0000000100000000)
  eden space 12800K, 100% used [0x00000000d5580000,0x00000000d6200000,0x00000000d6200000)
  from space 1024K, 56% used [0x00000000d6200000,0x00000000d6290000,0x00000000d6300000)
  to   space 1536K, 0% used [0x00000000d6380000,0x00000000d6380000,0x00000000d6500000)
 ParOldGen       total 248832K, used 141588K [0x0000000080000000, 0x000000008f300000, 0x00000000d5580000)
  object space 248832K, 56% used [0x0000000080000000,0x0000000088a45158,0x000000008f300000)
 Metaspace       used 86314K, committed 88128K, reserved 1179648K
  class space    used 9003K, committed 9792K, reserved 1048576K
}
Event: 4022.816 GC heap after
{Heap after GC invocations=196 (full 4):
 PSYoungGen      total 13312K, used 224K [0x00000000d5580000, 0x00000000d6400000, 0x0000000100000000)
  eden space 12800K, 0% used [0x00000000d5580000,0x00000000d5580000,0x00000000d6200000)
  from space 512K, 43% used [0x00000000d6380000,0x00000000d63b8020,0x00000000d6400000)
  to   space 512K, 0% used [0x00000000d6300000,0x00000000d6300000,0x00000000d6380000)
 ParOldGen       total 248832K, used 142109K [0x0000000080000000, 0x000000008f300000, 0x00000000d5580000)
  object space 248832K, 57% used [0x0000000080000000,0x0000000088ac7430,0x000000008f300000)
 Metaspace       used 86314K, committed 88128K, reserved 1179648K
  class space    used 9003K, committed 9792K, reserved 1048576K
}
Event: 4025.976 GC heap before
{Heap before GC invocations=197 (full 4):
 PSYoungGen      total 13312K, used 13024K [0x00000000d5580000, 0x00000000d6400000, 0x0000000100000000)
  eden space 12800K, 100% used [0x00000000d5580000,0x00000000d6200000,0x00000000d6200000)
  from space 512K, 43% used [0x00000000d6380000,0x00000000d63b8020,0x00000000d6400000)
  to   space 512K, 0% used [0x00000000d6300000,0x00000000d6300000,0x00000000d6380000)
 ParOldGen       total 248832K, used 142109K [0x0000000080000000, 0x000000008f300000, 0x00000000d5580000)
  object space 248832K, 57% used [0x0000000080000000,0x0000000088ac7430,0x000000008f300000)
 Metaspace       used 88300K, committed 90176K, reserved 1179648K
  class space    used 9283K, committed 10048K, reserved 1048576K
}
Event: 4025.986 GC heap after
{Heap after GC invocations=197 (full 4):
 PSYoungGen      total 13312K, used 512K [0x00000000d5580000, 0x00000000d6400000, 0x0000000100000000)
  eden space 12800K, 0% used [0x00000000d5580000,0x00000000d5580000,0x00000000d6200000)
  from space 512K, 100% used [0x00000000d6300000,0x00000000d6380000,0x00000000d6380000)
  to   space 512K, 0% used [0x00000000d6380000,0x00000000d6380000,0x00000000d6400000)
 ParOldGen       total 248832K, used 142333K [0x0000000080000000, 0x000000008f300000, 0x00000000d5580000)
  object space 248832K, 57% used [0x0000000080000000,0x0000000088aff450,0x000000008f300000)
 Metaspace       used 88300K, committed 90176K, reserved 1179648K
  class space    used 9283K, committed 10048K, reserved 1048576K
}

